2015-11-20 22:07:41 [scrapy] INFO: Scrapy 1.0.3 started (bot: community)
2015-11-20 22:07:41 [scrapy] INFO: Optional features available: ssl, http11
2015-11-20 22:07:41 [scrapy] INFO: Overridden settings: {'NEWSPIDER_MODULE': 'community.spiders', 'SPIDER_MODULES': ['community.spiders'], 'LOG_FILE': 'logfile.log', 'LOG_LEVEL': 20, 'BOT_NAME': 'community'}
2015-11-20 22:07:41 [scrapy] INFO: Enabled extensions: CloseSpider, TelnetConsole, LogStats, CoreStats, SpiderState
2015-11-20 22:07:41 [scrapy] INFO: Enabled downloader middlewares: HttpAuthMiddleware, DownloadTimeoutMiddleware, UserAgentMiddleware, RetryMiddleware, DefaultHeadersMiddleware, MetaRefreshMiddleware, HttpCompressionMiddleware, RedirectMiddleware, CookiesMiddleware, ChunkedTransferMiddleware, DownloaderStats
2015-11-20 22:07:41 [scrapy] INFO: Enabled spider middlewares: HttpErrorMiddleware, OffsiteMiddleware, RefererMiddleware, UrlLengthMiddleware, DepthMiddleware
2015-11-20 22:07:41 [scrapy] INFO: Enabled item pipelines: CommunityPipeline
2015-11-20 22:07:41 [scrapy] INFO: Spider opened
2015-11-20 22:07:41 [scrapy] INFO: Crawled 0 pages (at 0 pages/min), scraped 0 items (at 0 items/min)
2015-11-20 22:07:41 [scrapy] INFO: Closing spider (finished)
2015-11-20 22:07:41 [scrapy] INFO: Dumping Scrapy stats:
{'downloader/request_bytes': 489,
 'downloader/request_count': 2,
 'downloader/request_method_count/GET': 2,
 'downloader/response_bytes': 34162,
 'downloader/response_count': 2,
 'downloader/response_status_count/200': 2,
 'finish_reason': 'finished',
 'finish_time': datetime.datetime(2015, 11, 20, 13, 7, 41, 793850),
 'item_scraped_count': 70,
 'log_count/INFO': 7,
 'response_received_count': 2,
 'scheduler/dequeued': 2,
 'scheduler/dequeued/memory': 2,
 'scheduler/enqueued': 2,
 'scheduler/enqueued/memory': 2,
 'start_time': datetime.datetime(2015, 11, 20, 13, 7, 41, 499497)}
2015-11-20 22:07:41 [scrapy] INFO: Spider closed (finished)
